# JRE version: OpenJDK Runtime Environment (11.0.10) (build 11.0.10+0-b96-7249189)
# Java VM: OpenJDK 64-Bit Server VM (11.0.10+0-b96-7249189, mixed mode, tiered, compressed oops, g1 gc, windows-amd64)
Heap:
 garbage-first heap   total 340992K, used 170301K [0x0000000080000000, 0x0000000100000000)
  region size 1024K, 3 young (3072K), 3 survivors (3072K)
 Metaspace       used 157546K, capacity 162905K, committed 163108K, reserved 1191936K
  class space    used 19683K, capacity 21665K, committed 21760K, reserved 1048576K
GC Heap History (20 events):
Event: 1995.905 GC heap after
{Heap after GC invocations=68 (full 0):
 garbage-first heap   total 261120K, used 166891K [0x0000000080000000, 0x0000000100000000)
  region size 1024K, 7 young (7168K), 7 survivors (7168K)
 Metaspace       used 156087K, capacity 161480K, committed 161700K, reserved 1189888K
  class space    used 19619K, capacity 21555K, committed 21632K, reserved 1048576K
}
Event: 1995.973 GC heap before
{Heap before GC invocations=69 (full 0):
 garbage-first heap   total 261120K, used 219115K [0x0000000080000000, 0x0000000100000000)
  region size 1024K, 58 young (59392K), 7 survivors (7168K)
 Metaspace       used 156430K, capacity 161770K, committed 161956K, reserved 1189888K
  class space    used 19625K, capacity 21563K, committed 21632K, reserved 1048576K
}
Event: 1995.977 GC heap after
{Heap after GC invocations=70 (full 0):
 garbage-first heap   total 261120K, used 168882K [0x0000000080000000, 0x0000000100000000)
  region size 1024K, 4 young (4096K), 4 survivors (4096K)
 Metaspace       used 156430K, capacity 161770K, committed 161956K, reserved 1189888K
  class space    used 19625K, capacity 21563K, committed 21632K, reserved 1048576K
}
Event: 1995.985 GC heap before
{Heap before GC invocations=70 (full 0):
 garbage-first heap   total 261120K, used 177074K [0x0000000080000000, 0x0000000100000000)
  region size 1024K, 12 young (12288K), 4 survivors (4096K)
 Metaspace       used 156430K, capacity 161770K, committed 161956K, reserved 1189888K
  class space    used 19625K, capacity 21563K, committed 21632K, reserved 1048576K
}
Event: 1995.988 GC heap after
{Heap after GC invocations=71 (full 0):
 garbage-first heap   total 261120K, used 167445K [0x0000000080000000, 0x0000000100000000)
  region size 1024K, 1 young (1024K), 1 survivors (1024K)
 Metaspace       used 156430K, capacity 161770K, committed 161956K, reserved 1189888K
  class space    used 19625K, capacity 21563K, committed 21632K, reserved 1048576K
}
Event: 1996.064 GC heap before
{Heap before GC invocations=71 (full 0):
 garbage-first heap   total 261120K, used 220693K [0x0000000080000000, 0x0000000100000000)
  region size 1024K, 53 young (54272K), 1 survivors (1024K)
 Metaspace       used 156560K, capacity 161913K, committed 162212K, reserved 1189888K
  class space    used 19627K, capacity 21564K, committed 21632K, reserved 1048576K
}
Event: 1996.067 GC heap after
{Heap after GC invocations=72 (full 0):
 garbage-first heap   total 261120K, used 169433K [0x0000000080000000, 0x0000000100000000)
  region size 1024K, 3 young (3072K), 3 survivors (3072K)
 Metaspace       used 156560K, capacity 161913K, committed 162212K, reserved 1189888K
  class space    used 19627K, capacity 21564K, committed 21632K, reserved 1048576K
}
Event: 1996.152 GC heap before
{Heap before GC invocations=72 (full 0):
 garbage-first heap   total 261120K, used 221657K [0x0000000080000000, 0x0000000100000000)
  region size 1024K, 54 young (55296K), 3 survivors (3072K)
 Metaspace       used 157017K, capacity 162354K, committed 162468K, reserved 1189888K
  class space    used 19638K, capacity 21577K, committed 21632K, reserved 1048576K
}
Event: 1996.155 GC heap after
{Heap after GC invocations=73 (full 0):
 garbage-first heap   total 261120K, used 171633K [0x0000000080000000, 0x0000000100000000)
  region size 1024K, 5 young (5120K), 5 survivors (5120K)
 Metaspace       used 157017K, capacity 162354K, committed 162468K, reserved 1189888K
  class space    used 19638K, capacity 21577K, committed 21632K, reserved 1048576K
}
Event: 1996.236 GC heap before
{Heap before GC invocations=73 (full 0):
 garbage-first heap   total 261120K, used 222833K [0x0000000080000000, 0x0000000100000000)
  region size 1024K, 56 young (57344K), 5 survivors (5120K)
 Metaspace       used 157255K, capacity 162624K, committed 162852K, reserved 1189888K
  class space    used 19663K, capacity 21643K, committed 21760K, reserved 1048576K
}
Event: 1996.238 GC heap after
{Heap after GC invocations=74 (full 0):
 garbage-first heap   total 261120K, used 171448K [0x0000000080000000, 0x0000000100000000)
  region size 1024K, 3 young (3072K), 3 survivors (3072K)
 Metaspace       used 157255K, capacity 162624K, committed 162852K, reserved 1189888K
  class space    used 19663K, capacity 21643K, committed 21760K, reserved 1048576K
}
Event: 1996.297 GC heap before
{Heap before GC invocations=75 (full 0):
 garbage-first heap   total 261120K, used 223672K [0x0000000080000000, 0x0000000100000000)
  region size 1024K, 54 young (55296K), 3 survivors (3072K)
 Metaspace       used 157389K, capacity 162776K, committed 163108K, reserved 1191936K
  class space    used 19665K, capacity 21646K, committed 21760K, reserved 1048576K
}
Event: 1996.299 GC heap after
{Heap after GC invocations=76 (full 0):
 garbage-first heap   total 261120K, used 171943K [0x0000000080000000, 0x0000000100000000)
  region size 1024K, 3 young (3072K), 3 survivors (3072K)
 Metaspace       used 157389K, capacity 162776K, committed 163108K, reserved 1191936K
  class space    used 19665K, capacity 21646K, committed 21760K, reserved 1048576K
}
Event: 1996.309 GC heap before
{Heap before GC invocations=76 (full 0):
 garbage-first heap   total 261120K, used 181159K [0x0000000080000000, 0x0000000100000000)
  region size 1024K, 12 young (12288K), 3 survivors (3072K)
 Metaspace       used 157396K, capacity 162776K, committed 163108K, reserved 1191936K
  class space    used 19665K, capacity 21646K, committed 21760K, reserved 1048576K
}
Event: 1996.315 GC heap after
{Heap after GC invocations=77 (full 0):
 garbage-first heap   total 261120K, used 169365K [0x0000000080000000, 0x0000000100000000)
  region size 1024K, 2 young (2048K), 2 survivors (2048K)
 Metaspace       used 157396K, capacity 162776K, committed 163108K, reserved 1191936K
  class space    used 19665K, capacity 21646K, committed 21760K, reserved 1048576K
}
Event: 1996.326 GC heap before
{Heap before GC invocations=77 (full 0):
 garbage-first heap   total 261120K, used 180629K [0x0000000080000000, 0x0000000100000000)
  region size 1024K, 14 young (14336K), 2 survivors (2048K)
 Metaspace       used 157411K, capacity 162787K, committed 163108K, reserved 1191936K
  class space    used 19668K, capacity 21650K, committed 21760K, reserved 1048576K
}
Event: 1996.329 GC heap after
{Heap after GC invocations=78 (full 0):
 garbage-first heap   total 261120K, used 168990K [0x0000000080000000, 0x0000000100000000)
  region size 1024K, 1 young (1024K), 1 survivors (1024K)
 Metaspace       used 157411K, capacity 162787K, committed 163108K, reserved 1191936K
  class space    used 19668K, capacity 21650K, committed 21760K, reserved 1048576K
}
Event: 1996.401 GC heap before
{Heap before GC invocations=78 (full 0):
 garbage-first heap   total 261120K, used 227358K [0x0000000080000000, 0x0000000100000000)
  region size 1024K, 56 young (57344K), 1 survivors (1024K)
 Metaspace       used 157516K, capacity 162887K, committed 163108K, reserved 1191936K
  class space    used 19679K, capacity 21659K, committed 21760K, reserved 1048576K
}
Event: 1996.403 GC heap after
{Heap after GC invocations=79 (full 0):
 garbage-first heap   total 261120K, used 170214K [0x0000000080000000, 0x0000000100000000)
  region size 1024K, 3 young (3072K), 3 survivors (3072K)
 Metaspace       used 157516K, capacity 162887K, committed 163108K, reserved 1191936K
  class space    used 19679K, capacity 21659K, committed 21760K, reserved 1048576K
}
Event: 1996.477 GC heap before
{Heap before GC invocations=79 (full 0):
 garbage-first heap   total 261120K, used 225510K [0x0000000080000000, 0x0000000100000000)
  region size 1024K, 57 young (58368K), 3 survivors (3072K)
 Metaspace       used 157546K, capacity 162905K, committed 163108K, reserved 1191936K
  class space    used 19683K, capacity 21665K, committed 21760K, reserved 1048576K
}

