# JRE version: OpenJDK Runtime Environment (11.0.10) (build 11.0.10+0-b96-7249189)
# Java VM: OpenJDK 64-Bit Server VM (11.0.10+0-b96-7249189, mixed mode, tiered, compressed oops, g1 gc, windows-amd64)
Heap:
 garbage-first heap   total 660480K, used 215396K [0x0000000080000000, 0x0000000100000000)
  region size 1024K, 6 young (6144K), 6 survivors (6144K)
 Metaspace       used 108523K, capacity 111438K, committed 113572K, reserved 1146880K
  class space    used 13843K, capacity 14972K, committed 15744K, reserved 1048576K
GC Heap History (20 events):
Event: 7.510 GC heap after
{Heap after GC invocations=20 (full 0):
 garbage-first heap   total 251904K, used 106066K [0x0000000080000000, 0x0000000100000000)
  region size 1024K, 4 young (4096K), 4 survivors (4096K)
 Metaspace       used 105764K, capacity 108977K, committed 109220K, reserved 1144832K
  class space    used 13717K, capacity 14948K, committed 14976K, reserved 1048576K
}
Event: 7.609 GC heap before
{Heap before GC invocations=20 (full 0):
 garbage-first heap   total 251904K, used 209490K [0x0000000080000000, 0x0000000100000000)
  region size 1024K, 106 young (108544K), 4 survivors (4096K)
 Metaspace       used 105804K, capacity 108985K, committed 109220K, reserved 1144832K
  class space    used 13719K, capacity 14951K, committed 14976K, reserved 1048576K
}
Event: 7.612 GC heap after
{Heap after GC invocations=21 (full 0):
 garbage-first heap   total 303104K, used 106903K [0x0000000080000000, 0x0000000100000000)
  region size 1024K, 5 young (5120K), 5 survivors (5120K)
 Metaspace       used 105804K, capacity 108985K, committed 109220K, reserved 1144832K
  class space    used 13719K, capacity 14951K, committed 14976K, reserved 1048576K
}
Event: 7.753 GC heap before
{Heap before GC invocations=21 (full 0):
 garbage-first heap   total 303104K, used 235927K [0x0000000080000000, 0x0000000100000000)
  region size 1024K, 131 young (134144K), 5 survivors (5120K)
 Metaspace       used 105847K, capacity 109054K, committed 109220K, reserved 1144832K
  class space    used 13720K, capacity 14952K, committed 14976K, reserved 1048576K
}
Event: 7.756 GC heap after
{Heap after GC invocations=22 (full 0):
 garbage-first heap   total 303104K, used 107435K [0x0000000080000000, 0x0000000100000000)
  region size 1024K, 6 young (6144K), 6 survivors (6144K)
 Metaspace       used 105847K, capacity 109054K, committed 109220K, reserved 1144832K
  class space    used 13720K, capacity 14952K, committed 14976K, reserved 1048576K
}
Event: 7.897 GC heap before
{Heap before GC invocations=22 (full 0):
 garbage-first heap   total 303104K, used 239531K [0x0000000080000000, 0x0000000100000000)
  region size 1024K, 135 young (138240K), 6 survivors (6144K)
 Metaspace       used 106512K, capacity 109728K, committed 109860K, reserved 1144832K
  class space    used 13816K, capacity 15048K, committed 15104K, reserved 1048576K
}
Event: 7.901 GC heap after
{Heap after GC invocations=23 (full 0):
 garbage-first heap   total 303104K, used 109990K [0x0000000080000000, 0x0000000100000000)
  region size 1024K, 8 young (8192K), 8 survivors (8192K)
 Metaspace       used 106512K, capacity 109728K, committed 109860K, reserved 1144832K
  class space    used 13816K, capacity 15048K, committed 15104K, reserved 1048576K
}
Event: 8.059 GC heap before
{Heap before GC invocations=23 (full 0):
 garbage-first heap   total 303104K, used 244134K [0x0000000080000000, 0x0000000100000000)
  region size 1024K, 139 young (142336K), 8 survivors (8192K)
 Metaspace       used 107523K, capacity 110856K, committed 111140K, reserved 1144832K
  class space    used 13943K, capacity 15241K, committed 15360K, reserved 1048576K
}
Event: 8.065 GC heap after
{Heap after GC invocations=24 (full 0):
 garbage-first heap   total 303104K, used 113788K [0x0000000080000000, 0x0000000100000000)
  region size 1024K, 12 young (12288K), 12 survivors (12288K)
 Metaspace       used 107523K, capacity 110856K, committed 111140K, reserved 1144832K
  class space    used 13943K, capacity 15241K, committed 15360K, reserved 1048576K
}
Event: 8.255 GC heap before
{Heap before GC invocations=24 (full 0):
 garbage-first heap   total 303104K, used 246908K [0x0000000080000000, 0x0000000100000000)
  region size 1024K, 141 young (144384K), 12 survivors (12288K)
 Metaspace       used 107659K, capacity 111024K, committed 111140K, reserved 1144832K
  class space    used 13945K, capacity 15244K, committed 15360K, reserved 1048576K
}
Event: 8.258 GC heap after
{Heap after GC invocations=25 (full 0):
 garbage-first heap   total 303104K, used 110939K [0x0000000080000000, 0x0000000100000000)
  region size 1024K, 7 young (7168K), 7 survivors (7168K)
 Metaspace       used 107659K, capacity 111024K, committed 111140K, reserved 1144832K
  class space    used 13945K, capacity 15244K, committed 15360K, reserved 1048576K
}
Event: 8.502 GC heap before
{Heap before GC invocations=25 (full 0):
 garbage-first heap   total 303104K, used 248155K [0x0000000080000000, 0x0000000100000000)
  region size 1024K, 141 young (144384K), 7 survivors (7168K)
 Metaspace       used 107684K, capacity 111037K, committed 111396K, reserved 1144832K
  class space    used 13950K, capacity 15249K, committed 15360K, reserved 1048576K
}
Event: 8.504 GC heap after
{Heap after GC invocations=26 (full 0):
 garbage-first heap   total 303104K, used 110033K [0x0000000080000000, 0x0000000100000000)
  region size 1024K, 6 young (6144K), 6 survivors (6144K)
 Metaspace       used 107684K, capacity 111037K, committed 111396K, reserved 1144832K
  class space    used 13950K, capacity 15249K, committed 15360K, reserved 1048576K
}
Event: 8.942 GC heap before
{Heap before GC invocations=26 (full 0):
 garbage-first heap   total 303104K, used 260561K [0x0000000080000000, 0x0000000100000000)
  region size 1024K, 144 young (147456K), 6 survivors (6144K)
 Metaspace       used 108476K, capacity 111823K, committed 112036K, reserved 1146880K
  class space    used 14051K, capacity 15406K, committed 15488K, reserved 1048576K
}
Event: 8.947 GC heap after
{Heap after GC invocations=27 (full 0):
 garbage-first heap   total 303104K, used 124742K [0x0000000080000000, 0x0000000100000000)
  region size 1024K, 12 young (12288K), 12 survivors (12288K)
 Metaspace       used 108476K, capacity 111823K, committed 112036K, reserved 1146880K
  class space    used 14051K, capacity 15406K, committed 15488K, reserved 1048576K
}
Event: 9.226 GC heap before
{Heap before GC invocations=27 (full 0):
 garbage-first heap   total 303104K, used 273222K [0x0000000080000000, 0x0000000100000000)
  region size 1024K, 138 young (141312K), 12 survivors (12288K)
 Metaspace       used 109274K, capacity 112735K, committed 112932K, reserved 1146880K
  class space    used 14154K, capacity 15525K, committed 15616K, reserved 1048576K
}
Event: 9.265 GC heap after
{Heap after GC invocations=28 (full 0):
 garbage-first heap   total 345088K, used 193616K [0x0000000080000000, 0x0000000100000000)
  region size 1024K, 18 young (18432K), 18 survivors (18432K)
 Metaspace       used 109274K, capacity 112735K, committed 112932K, reserved 1146880K
  class space    used 14154K, capacity 15525K, committed 15616K, reserved 1048576K
}
Event: 9.506 GC heap before
{Heap before GC invocations=28 (full 0):
 garbage-first heap   total 345088K, used 265296K [0x0000000080000000, 0x0000000100000000)
  region size 1024K, 89 young (91136K), 18 survivors (18432K)
 Metaspace       used 109599K, capacity 113179K, committed 113316K, reserved 1146880K
  class space    used 14208K, capacity 15630K, committed 15744K, reserved 1048576K
}
Event: 9.533 GC heap after
{Heap after GC invocations=29 (full 0):
 garbage-first heap   total 345088K, used 217020K [0x0000000080000000, 0x0000000100000000)
  region size 1024K, 12 young (12288K), 12 survivors (12288K)
 Metaspace       used 109599K, capacity 113179K, committed 113316K, reserved 1146880K
  class space    used 14208K, capacity 15630K, committed 15744K, reserved 1048576K
}
Event: 9.757 GC heap before
{Heap before GC invocations=30 (full 0):
 garbage-first heap   total 345088K, used 264124K [0x0000000080000000, 0x0000000100000000)
  region size 1024K, 67 young (68608K), 12 survivors (12288K)
 Metaspace       used 108523K, capacity 111438K, committed 113572K, reserved 1146880K
  class space    used 13843K, capacity 14972K, committed 15744K, reserved 1048576K
}

