# JRE version: OpenJDK Runtime Environment (11.0.10) (build 11.0.10+0-b96-7249189)
# Java VM: OpenJDK 64-Bit Server VM (11.0.10+0-b96-7249189, mixed mode, tiered, compressed oops, g1 gc, windows-amd64)
Heap:
 garbage-first heap   total 395264K, used 230206K [0x0000000080000000, 0x0000000100000000)
  region size 1024K, 7 young (7168K), 4 survivors (4096K)
 Metaspace       used 106793K, capacity 109387K, committed 109788K, reserved 1144832K
  class space    used 13750K, capacity 14753K, committed 14976K, reserved 1048576K
GC Heap History (20 events):
Event: 7.303 GC heap before
{Heap before GC invocations=21 (full 0):
 garbage-first heap   total 307200K, used 238919K [0x0000000080000000, 0x0000000100000000)
  region size 1024K, 47 young (48128K), 7 survivors (7168K)
 Metaspace       used 101384K, capacity 103936K, committed 104668K, reserved 1140736K
  class space    used 13182K, capacity 14131K, committed 14464K, reserved 1048576K
}
Event: 7.309 GC heap after
{Heap after GC invocations=22 (full 0):
 garbage-first heap   total 307200K, used 202327K [0x0000000080000000, 0x0000000100000000)
  region size 1024K, 4 young (4096K), 4 survivors (4096K)
 Metaspace       used 101384K, capacity 103936K, committed 104668K, reserved 1140736K
  class space    used 13182K, capacity 14131K, committed 14464K, reserved 1048576K
}
Event: 7.374 GC heap before
{Heap before GC invocations=22 (full 0):
 garbage-first heap   total 307200K, used 212567K [0x0000000080000000, 0x0000000100000000)
  region size 1024K, 15 young (15360K), 4 survivors (4096K)
 Metaspace       used 101388K, capacity 103936K, committed 104668K, reserved 1140736K
  class space    used 13182K, capacity 14131K, committed 14464K, reserved 1048576K
}
Event: 7.382 GC heap after
{Heap after GC invocations=23 (full 0):
 garbage-first heap   total 307200K, used 197430K [0x0000000080000000, 0x0000000100000000)
  region size 1024K, 2 young (2048K), 2 survivors (2048K)
 Metaspace       used 101388K, capacity 103936K, committed 104668K, reserved 1140736K
  class space    used 13182K, capacity 14131K, committed 14464K, reserved 1048576K
}
Event: 7.422 GC heap before
{Heap before GC invocations=23 (full 0):
 garbage-first heap   total 307200K, used 204598K [0x0000000080000000, 0x0000000100000000)
  region size 1024K, 10 young (10240K), 2 survivors (2048K)
 Metaspace       used 101390K, capacity 103936K, committed 104668K, reserved 1140736K
  class space    used 13182K, capacity 14131K, committed 14464K, reserved 1048576K
}
Event: 7.427 GC heap after
{Heap after GC invocations=24 (full 0):
 garbage-first heap   total 307200K, used 199327K [0x0000000080000000, 0x0000000100000000)
  region size 1024K, 4 young (4096K), 4 survivors (4096K)
 Metaspace       used 101390K, capacity 103936K, committed 104668K, reserved 1140736K
  class space    used 13182K, capacity 14131K, committed 14464K, reserved 1048576K
}
Event: 7.803 GC heap before
{Heap before GC invocations=25 (full 0):
 garbage-first heap   total 307200K, used 244383K [0x0000000080000000, 0x0000000100000000)
  region size 1024K, 40 young (40960K), 4 survivors (4096K)
 Metaspace       used 101460K, capacity 103928K, committed 104924K, reserved 1140736K
  class space    used 13149K, capacity 14077K, committed 14464K, reserved 1048576K
}
Event: 7.808 GC heap after
{Heap after GC invocations=26 (full 0):
 garbage-first heap   total 307200K, used 210444K [0x0000000080000000, 0x0000000100000000)
  region size 1024K, 5 young (5120K), 5 survivors (5120K)
 Metaspace       used 101460K, capacity 103928K, committed 104924K, reserved 1140736K
  class space    used 13149K, capacity 14077K, committed 14464K, reserved 1048576K
}
Event: 7.899 GC heap before
{Heap before GC invocations=26 (full 0):
 garbage-first heap   total 307200K, used 223756K [0x0000000080000000, 0x0000000100000000)
  region size 1024K, 15 young (15360K), 5 survivors (5120K)
 Metaspace       used 101621K, capacity 104105K, committed 105180K, reserved 1140736K
  class space    used 13166K, capacity 14094K, committed 14464K, reserved 1048576K
}
Event: 7.903 GC heap after
{Heap after GC invocations=27 (full 0):
 garbage-first heap   total 307200K, used 213778K [0x0000000080000000, 0x0000000100000000)
  region size 1024K, 2 young (2048K), 2 survivors (2048K)
 Metaspace       used 101621K, capacity 104105K, committed 105180K, reserved 1140736K
  class space    used 13166K, capacity 14094K, committed 14464K, reserved 1048576K
}
Event: 7.927 GC heap before
{Heap before GC invocations=27 (full 0):
 garbage-first heap   total 307200K, used 215826K [0x0000000080000000, 0x0000000100000000)
  region size 1024K, 6 young (6144K), 2 survivors (2048K)
 Metaspace       used 101623K, capacity 104105K, committed 105180K, reserved 1140736K
  class space    used 13166K, capacity 14094K, committed 14464K, reserved 1048576K
}
Event: 7.929 GC heap after
{Heap after GC invocations=28 (full 0):
 garbage-first heap   total 307200K, used 214851K [0x0000000080000000, 0x0000000100000000)
  region size 1024K, 4 young (4096K), 4 survivors (4096K)
 Metaspace       used 101623K, capacity 104105K, committed 105180K, reserved 1140736K
  class space    used 13166K, capacity 14094K, committed 14464K, reserved 1048576K
}
Event: 8.102 GC heap before
{Heap before GC invocations=28 (full 0):
 garbage-first heap   total 307200K, used 250691K [0x0000000080000000, 0x0000000100000000)
  region size 1024K, 35 young (35840K), 4 survivors (4096K)
 Metaspace       used 101759K, capacity 104198K, committed 105180K, reserved 1140736K
  class space    used 13183K, capacity 14101K, committed 14464K, reserved 1048576K
}
Event: 8.106 GC heap after
{Heap after GC invocations=29 (full 0):
 garbage-first heap   total 307200K, used 223504K [0x0000000080000000, 0x0000000100000000)
  region size 1024K, 5 young (5120K), 5 survivors (5120K)
 Metaspace       used 101759K, capacity 104198K, committed 105180K, reserved 1140736K
  class space    used 13183K, capacity 14101K, committed 14464K, reserved 1048576K
}
Event: 8.139 GC heap before
{Heap before GC invocations=30 (full 0):
 garbage-first heap   total 307200K, used 253200K [0x0000000080000000, 0x0000000100000000)
  region size 1024K, 33 young (33792K), 5 survivors (5120K)
 Metaspace       used 101759K, capacity 104198K, committed 105180K, reserved 1140736K
  class space    used 13183K, capacity 14101K, committed 14464K, reserved 1048576K
}
Event: 8.143 GC heap after
{Heap after GC invocations=31 (full 0):
 garbage-first heap   total 307200K, used 229830K [0x0000000080000000, 0x0000000100000000)
  region size 1024K, 5 young (5120K), 5 survivors (5120K)
 Metaspace       used 101759K, capacity 104198K, committed 105180K, reserved 1140736K
  class space    used 13183K, capacity 14101K, committed 14464K, reserved 1048576K
}
Event: 8.221 GC heap before
{Heap before GC invocations=31 (full 0):
 garbage-first heap   total 307200K, used 251334K [0x0000000080000000, 0x0000000100000000)
  region size 1024K, 15 young (15360K), 5 survivors (5120K)
 Metaspace       used 101835K, capacity 104266K, committed 105180K, reserved 1140736K
  class space    used 13184K, capacity 14102K, committed 14464K, reserved 1048576K
}
Event: 8.228 GC heap after
{Heap after GC invocations=32 (full 0):
 garbage-first heap   total 395264K, used 242082K [0x0000000080000000, 0x0000000100000000)
  region size 1024K, 2 young (2048K), 2 survivors (2048K)
 Metaspace       used 101835K, capacity 104266K, committed 105180K, reserved 1140736K
  class space    used 13184K, capacity 14102K, committed 14464K, reserved 1048576K
}
Event: 8.503 GC heap before
{Heap before GC invocations=32 (full 0):
 garbage-first heap   total 395264K, used 294306K [0x0000000080000000, 0x0000000100000000)
  region size 1024K, 53 young (54272K), 2 survivors (2048K)
 Metaspace       used 102038K, capacity 104474K, committed 105436K, reserved 1140736K
  class space    used 13199K, capacity 14123K, committed 14464K, reserved 1048576K
}
Event: 8.505 GC heap after
{Heap after GC invocations=33 (full 0):
 garbage-first heap   total 395264K, used 241533K [0x0000000080000000, 0x0000000100000000)
  region size 1024K, 2 young (2048K), 2 survivors (2048K)
 Metaspace       used 102038K, capacity 104474K, committed 105436K, reserved 1140736K
  class space    used 13199K, capacity 14123K, committed 14464K, reserved 1048576K
}

