# JRE version: OpenJDK Runtime Environment (11.0.10) (build 11.0.10+0-b96-7249189)
# Java VM: OpenJDK 64-Bit Server VM (11.0.10+0-b96-7249189, mixed mode, tiered, compressed oops, g1 gc, windows-amd64)
Heap:
 garbage-first heap   total 303104K, used 114304K [0x0000000080000000, 0x0000000100000000)
  region size 1024K, 35 young (35840K), 8 survivors (8192K)
 Metaspace       used 89961K, capacity 92508K, committed 92708K, reserved 1130496K
  class space    used 11588K, capacity 12497K, committed 12544K, reserved 1048576K
GC Heap History (20 events):
Event: 1.062 GC heap before
{Heap before GC invocations=1 (full 0):
 garbage-first heap   total 251904K, used 107468K [0x0000000080000000, 0x0000000100000000)
  region size 1024K, 100 young (102400K), 3 survivors (3072K)
 Metaspace       used 20601K, capacity 21120K, committed 21296K, reserved 1069056K
  class space    used 2501K, capacity 2658K, committed 2688K, reserved 1048576K
}
Event: 1.067 GC heap after
{Heap after GC invocations=2 (full 0):
 garbage-first heap   total 251904K, used 16533K [0x0000000080000000, 0x0000000100000000)
  region size 1024K, 11 young (11264K), 11 survivors (11264K)
 Metaspace       used 20601K, capacity 21120K, committed 21296K, reserved 1069056K
  class space    used 2501K, capacity 2658K, committed 2688K, reserved 1048576K
}
Event: 1.271 GC heap before
{Heap before GC invocations=3 (full 0):
 garbage-first heap   total 251904K, used 59541K [0x0000000080000000, 0x0000000100000000)
  region size 1024K, 53 young (54272K), 11 survivors (11264K)
 Metaspace       used 24811K, capacity 25404K, committed 25648K, reserved 1071104K
  class space    used 3192K, capacity 3388K, committed 3456K, reserved 1048576K
}
Event: 1.274 GC heap after
{Heap after GC invocations=4 (full 0):
 garbage-first heap   total 251904K, used 18482K [0x0000000080000000, 0x0000000100000000)
  region size 1024K, 2 young (2048K), 2 survivors (2048K)
 Metaspace       used 24811K, capacity 25404K, committed 25648K, reserved 1071104K
  class space    used 3192K, capacity 3388K, committed 3456K, reserved 1048576K
}
Event: 1.710 GC heap before
{Heap before GC invocations=4 (full 0):
 garbage-first heap   total 251904K, used 88114K [0x0000000080000000, 0x0000000100000000)
  region size 1024K, 71 young (72704K), 2 survivors (2048K)
 Metaspace       used 34862K, capacity 35662K, committed 35708K, reserved 1081344K
  class space    used 4529K, capacity 4832K, committed 4864K, reserved 1048576K
}
Event: 1.714 GC heap after
{Heap after GC invocations=5 (full 0):
 garbage-first heap   total 251904K, used 21969K [0x0000000080000000, 0x0000000100000000)
  region size 1024K, 6 young (6144K), 6 survivors (6144K)
 Metaspace       used 34862K, capacity 35662K, committed 35708K, reserved 1081344K
  class space    used 4529K, capacity 4832K, committed 4864K, reserved 1048576K
}
Event: 2.288 GC heap before
{Heap before GC invocations=6 (full 0):
 garbage-first heap   total 251904K, used 136657K [0x0000000080000000, 0x0000000100000000)
  region size 1024K, 115 young (117760K), 6 survivors (6144K)
 Metaspace       used 44054K, capacity 45092K, committed 45308K, reserved 1089536K
  class space    used 5635K, capacity 6003K, committed 6016K, reserved 1048576K
}
Event: 2.293 GC heap after
{Heap after GC invocations=7 (full 0):
 garbage-first heap   total 251904K, used 28371K [0x0000000080000000, 0x0000000100000000)
  region size 1024K, 12 young (12288K), 12 survivors (12288K)
 Metaspace       used 44054K, capacity 45092K, committed 45308K, reserved 1089536K
  class space    used 5635K, capacity 6003K, committed 6016K, reserved 1048576K
}
Event: 3.092 GC heap before
{Heap before GC invocations=7 (full 0):
 garbage-first heap   total 251904K, used 173779K [0x0000000080000000, 0x0000000100000000)
  region size 1024K, 147 young (150528K), 12 survivors (12288K)
 Metaspace       used 56871K, capacity 58369K, committed 58492K, reserved 1099776K
  class space    used 7121K, capacity 7630K, committed 7680K, reserved 1048576K
}
Event: 3.100 GC heap after
{Heap after GC invocations=8 (full 0):
 garbage-first heap   total 251904K, used 48774K [0x0000000080000000, 0x0000000100000000)
  region size 1024K, 19 young (19456K), 19 survivors (19456K)
 Metaspace       used 56871K, capacity 58369K, committed 58492K, reserved 1099776K
  class space    used 7121K, capacity 7630K, committed 7680K, reserved 1048576K
}
Event: 3.181 GC heap before
{Heap before GC invocations=8 (full 0):
 garbage-first heap   total 251904K, used 61062K [0x0000000080000000, 0x0000000100000000)
  region size 1024K, 32 young (32768K), 19 survivors (19456K)
 Metaspace       used 58339K, capacity 59794K, committed 59940K, reserved 1101824K
  class space    used 7335K, capacity 7888K, committed 7936K, reserved 1048576K
}
Event: 3.194 GC heap after
{Heap after GC invocations=9 (full 0):
 garbage-first heap   total 251904K, used 50320K [0x0000000080000000, 0x0000000100000000)
  region size 1024K, 3 young (3072K), 3 survivors (3072K)
 Metaspace       used 58339K, capacity 59794K, committed 59940K, reserved 1101824K
  class space    used 7335K, capacity 7888K, committed 7936K, reserved 1048576K
}
Event: 3.927 GC heap before
{Heap before GC invocations=10 (full 0):
 garbage-first heap   total 251904K, used 186512K [0x0000000080000000, 0x0000000100000000)
  region size 1024K, 136 young (139264K), 3 survivors (3072K)
 Metaspace       used 69221K, capacity 70902K, committed 71076K, reserved 1112064K
  class space    used 8687K, capacity 9289K, committed 9344K, reserved 1048576K
}
Event: 3.937 GC heap after
{Heap after GC invocations=11 (full 0):
 garbage-first heap   total 251904K, used 59500K [0x0000000080000000, 0x0000000100000000)
  region size 1024K, 12 young (12288K), 12 survivors (12288K)
 Metaspace       used 69221K, capacity 70902K, committed 71076K, reserved 1112064K
  class space    used 8687K, capacity 9289K, committed 9344K, reserved 1048576K
}
Event: 4.739 GC heap before
{Heap before GC invocations=12 (full 0):
 garbage-first heap   total 251904K, used 189548K [0x0000000080000000, 0x0000000100000000)
  region size 1024K, 139 young (142336K), 12 survivors (12288K)
 Metaspace       used 80236K, capacity 81958K, committed 82212K, reserved 1120256K
  class space    used 10344K, capacity 10986K, committed 11008K, reserved 1048576K
}
Event: 4.749 GC heap after
{Heap after GC invocations=13 (full 0):
 garbage-first heap   total 251904K, used 67592K [0x0000000080000000, 0x0000000100000000)
  region size 1024K, 9 young (9216K), 9 survivors (9216K)
 Metaspace       used 80236K, capacity 81958K, committed 82212K, reserved 1120256K
  class space    used 10344K, capacity 10986K, committed 11008K, reserved 1048576K
}
Event: 5.357 GC heap before
{Heap before GC invocations=13 (full 0):
 garbage-first heap   total 251904K, used 192520K [0x0000000080000000, 0x0000000100000000)
  region size 1024K, 132 young (135168K), 9 survivors (9216K)
 Metaspace       used 86600K, capacity 88923K, committed 89252K, reserved 1126400K
  class space    used 11176K, capacity 12036K, committed 12160K, reserved 1048576K
}
Event: 5.367 GC heap after
{Heap after GC invocations=14 (full 0):
 garbage-first heap   total 251904K, used 77956K [0x0000000080000000, 0x0000000100000000)
  region size 1024K, 17 young (17408K), 17 survivors (17408K)
 Metaspace       used 86600K, capacity 88923K, committed 89252K, reserved 1126400K
  class space    used 11176K, capacity 12036K, committed 12160K, reserved 1048576K
}
Event: 5.660 GC heap before
{Heap before GC invocations=14 (full 0):
 garbage-first heap   total 251904K, used 194692K [0x0000000080000000, 0x0000000100000000)
  region size 1024K, 132 young (135168K), 17 survivors (17408K)
 Metaspace       used 88896K, capacity 91413K, committed 91556K, reserved 1128448K
  class space    used 11438K, capacity 12349K, committed 12416K, reserved 1048576K
}
Event: 5.672 GC heap after
{Heap after GC invocations=15 (full 0):
 garbage-first heap   total 303104K, used 85632K [0x0000000080000000, 0x0000000100000000)
  region size 1024K, 8 young (8192K), 8 survivors (8192K)
 Metaspace       used 88896K, capacity 91413K, committed 91556K, reserved 1128448K
  class space    used 11438K, capacity 12349K, committed 12416K, reserved 1048576K
}

