# JRE version: OpenJDK Runtime Environment (11.0.10) (build 11.0.10+0-b96-7249189)
# Java VM: OpenJDK 64-Bit Server VM (11.0.10+0-b96-7249189, mixed mode, tiered, compressed oops, g1 gc, windows-amd64)
Heap:
 garbage-first heap   total 251904K, used 197729K [0x0000000080000000, 0x0000000100000000)
  region size 1024K, 50 young (51200K), 7 survivors (7168K)
 Metaspace       used 97948K, capacity 100659K, committed 101028K, reserved 1136640K
  class space    used 12812K, capacity 13837K, committed 13952K, reserved 1048576K
GC Heap History (20 events):
Event: 1.690 GC heap before
{Heap before GC invocations=4 (full 0):
 garbage-first heap   total 251904K, used 84542K [0x0000000080000000, 0x0000000100000000)
  region size 1024K, 68 young (69632K), 3 survivors (3072K)
 Metaspace       used 34863K, capacity 35662K, committed 35708K, reserved 1081344K
  class space    used 4529K, capacity 4832K, committed 4864K, reserved 1048576K
}
Event: 1.694 GC heap after
{Heap after GC invocations=5 (full 0):
 garbage-first heap   total 251904K, used 22306K [0x0000000080000000, 0x0000000100000000)
  region size 1024K, 6 young (6144K), 6 survivors (6144K)
 Metaspace       used 34863K, capacity 35662K, committed 35708K, reserved 1081344K
  class space    used 4529K, capacity 4832K, committed 4864K, reserved 1048576K
}
Event: 2.263 GC heap before
{Heap before GC invocations=6 (full 0):
 garbage-first heap   total 251904K, used 138018K [0x0000000080000000, 0x0000000100000000)
  region size 1024K, 116 young (118784K), 6 survivors (6144K)
 Metaspace       used 44097K, capacity 45150K, committed 45308K, reserved 1089536K
  class space    used 5640K, capacity 6002K, committed 6016K, reserved 1048576K
}
Event: 2.268 GC heap after
{Heap after GC invocations=7 (full 0):
 garbage-first heap   total 251904K, used 28825K [0x0000000080000000, 0x0000000100000000)
  region size 1024K, 12 young (12288K), 12 survivors (12288K)
 Metaspace       used 44097K, capacity 45150K, committed 45308K, reserved 1089536K
  class space    used 5640K, capacity 6002K, committed 6016K, reserved 1048576K
}
Event: 3.083 GC heap before
{Heap before GC invocations=7 (full 0):
 garbage-first heap   total 251904K, used 175257K [0x0000000080000000, 0x0000000100000000)
  region size 1024K, 147 young (150528K), 12 survivors (12288K)
 Metaspace       used 57049K, capacity 58471K, committed 58492K, reserved 1099776K
  class space    used 7141K, capacity 7665K, committed 7680K, reserved 1048576K
}
Event: 3.091 GC heap after
{Heap after GC invocations=8 (full 0):
 garbage-first heap   total 251904K, used 49018K [0x0000000080000000, 0x0000000100000000)
  region size 1024K, 19 young (19456K), 19 survivors (19456K)
 Metaspace       used 57049K, capacity 58471K, committed 58492K, reserved 1099776K
  class space    used 7141K, capacity 7665K, committed 7680K, reserved 1048576K
}
Event: 3.163 GC heap before
{Heap before GC invocations=8 (full 0):
 garbage-first heap   total 251904K, used 60282K [0x0000000080000000, 0x0000000100000000)
  region size 1024K, 31 young (31744K), 19 survivors (19456K)
 Metaspace       used 58334K, capacity 59797K, committed 59940K, reserved 1101824K
  class space    used 7335K, capacity 7890K, committed 7936K, reserved 1048576K
}
Event: 3.176 GC heap after
{Heap after GC invocations=9 (full 0):
 garbage-first heap   total 251904K, used 50996K [0x0000000080000000, 0x0000000100000000)
  region size 1024K, 3 young (3072K), 3 survivors (3072K)
 Metaspace       used 58334K, capacity 59797K, committed 59940K, reserved 1101824K
  class space    used 7335K, capacity 7890K, committed 7936K, reserved 1048576K
}
Event: 3.850 GC heap before
{Heap before GC invocations=10 (full 0):
 garbage-first heap   total 251904K, used 177972K [0x0000000080000000, 0x0000000100000000)
  region size 1024K, 127 young (130048K), 3 survivors (3072K)
 Metaspace       used 68239K, capacity 69881K, committed 70180K, reserved 1110016K
  class space    used 8552K, capacity 9163K, committed 9216K, reserved 1048576K
}
Event: 3.856 GC heap after
{Heap after GC invocations=11 (full 0):
 garbage-first heap   total 251904K, used 59417K [0x0000000080000000, 0x0000000100000000)
  region size 1024K, 11 young (11264K), 11 survivors (11264K)
 Metaspace       used 68239K, capacity 69881K, committed 70180K, reserved 1110016K
  class space    used 8552K, capacity 9163K, committed 9216K, reserved 1048576K
}
Event: 4.628 GC heap before
{Heap before GC invocations=12 (full 0):
 garbage-first heap   total 251904K, used 184345K [0x0000000080000000, 0x0000000100000000)
  region size 1024K, 133 young (136192K), 11 survivors (11264K)
 Metaspace       used 79082K, capacity 80809K, committed 81060K, reserved 1120256K
  class space    used 10168K, capacity 10803K, committed 10880K, reserved 1048576K
}
Event: 4.636 GC heap after
{Heap after GC invocations=13 (full 0):
 garbage-first heap   total 251904K, used 67455K [0x0000000080000000, 0x0000000100000000)
  region size 1024K, 9 young (9216K), 9 survivors (9216K)
 Metaspace       used 79082K, capacity 80809K, committed 81060K, reserved 1120256K
  class space    used 10168K, capacity 10803K, committed 10880K, reserved 1048576K
}
Event: 5.260 GC heap before
{Heap before GC invocations=13 (full 0):
 garbage-first heap   total 251904K, used 188287K [0x0000000080000000, 0x0000000100000000)
  region size 1024K, 128 young (131072K), 9 survivors (9216K)
 Metaspace       used 86345K, capacity 88760K, committed 88996K, reserved 1126400K
  class space    used 11152K, capacity 12033K, committed 12160K, reserved 1048576K
}
Event: 5.269 GC heap after
{Heap after GC invocations=14 (full 0):
 garbage-first heap   total 251904K, used 77300K [0x0000000080000000, 0x0000000100000000)
  region size 1024K, 16 young (16384K), 16 survivors (16384K)
 Metaspace       used 86345K, capacity 88760K, committed 88996K, reserved 1126400K
  class space    used 11152K, capacity 12033K, committed 12160K, reserved 1048576K
}
Event: 5.692 GC heap before
{Heap before GC invocations=14 (full 0):
 garbage-first heap   total 251904K, used 191988K [0x0000000080000000, 0x0000000100000000)
  region size 1024K, 129 young (132096K), 16 survivors (16384K)
 Metaspace       used 91017K, capacity 93369K, committed 93604K, reserved 1130496K
  class space    used 11730K, capacity 12624K, committed 12672K, reserved 1048576K
}
Event: 5.704 GC heap after
{Heap after GC invocations=15 (full 0):
 garbage-first heap   total 251904K, used 84711K [0x0000000080000000, 0x0000000100000000)
  region size 1024K, 8 young (8192K), 8 survivors (8192K)
 Metaspace       used 91017K, capacity 93369K, committed 93604K, reserved 1130496K
  class space    used 11730K, capacity 12624K, committed 12672K, reserved 1048576K
}
Event: 6.014 GC heap before
{Heap before GC invocations=15 (full 0):
 garbage-first heap   total 251904K, used 222951K [0x0000000080000000, 0x0000000100000000)
  region size 1024K, 117 young (119808K), 8 survivors (8192K)
 Metaspace       used 95444K, capacity 97940K, committed 98084K, reserved 1134592K
  class space    used 12284K, capacity 13259K, committed 13312K, reserved 1048576K
}
Event: 6.023 GC heap after
{Heap after GC invocations=16 (full 0):
 garbage-first heap   total 251904K, used 119170K [0x0000000080000000, 0x0000000100000000)
  region size 1024K, 15 young (15360K), 15 survivors (15360K)
 Metaspace       used 95444K, capacity 97940K, committed 98084K, reserved 1134592K
  class space    used 12284K, capacity 13259K, committed 13312K, reserved 1048576K
}
Event: 6.244 GC heap before
{Heap before GC invocations=16 (full 0):
 garbage-first heap   total 251904K, used 200066K [0x0000000080000000, 0x0000000100000000)
  region size 1024K, 93 young (95232K), 15 survivors (15360K)
 Metaspace       used 97922K, capacity 100586K, committed 100772K, reserved 1136640K
  class space    used 12810K, capacity 13835K, committed 13952K, reserved 1048576K
}
Event: 6.267 GC heap after
{Heap after GC invocations=17 (full 0):
 garbage-first heap   total 251904K, used 153697K [0x0000000080000000, 0x0000000100000000)
  region size 1024K, 12 young (12288K), 12 survivors (12288K)
 Metaspace       used 97922K, capacity 100586K, committed 100772K, reserved 1136640K
  class space    used 12810K, capacity 13835K, committed 13952K, reserved 1048576K
}

