# JRE version: OpenJDK Runtime Environment (11.0.10) (build 11.0.10+0-b96-7249189)
# Java VM: OpenJDK 64-Bit Server VM (11.0.10+0-b96-7249189, mixed mode, tiered, compressed oops, g1 gc, windows-amd64)
Heap:
 garbage-first heap   total 303104K, used 84567K [0x0000000080000000, 0x0000000100000000)
  region size 1024K, 6 young (6144K), 6 survivors (6144K)
 Metaspace       used 92342K, capacity 94905K, committed 95140K, reserved 1132544K
  class space    used 11894K, capacity 12878K, committed 12928K, reserved 1048576K
GC Heap History (20 events):
Event: 1.035 GC heap after
{Heap after GC invocations=2 (full 0):
 garbage-first heap   total 251904K, used 16593K [0x0000000080000000, 0x0000000100000000)
  region size 1024K, 10 young (10240K), 10 survivors (10240K)
 Metaspace       used 20598K, capacity 21120K, committed 21296K, reserved 1069056K
  class space    used 2499K, capacity 2658K, committed 2688K, reserved 1048576K
}
Event: 1.246 GC heap before
{Heap before GC invocations=3 (full 0):
 garbage-first heap   total 251904K, used 59601K [0x0000000080000000, 0x0000000100000000)
  region size 1024K, 52 young (53248K), 10 survivors (10240K)
 Metaspace       used 24909K, capacity 25564K, committed 25648K, reserved 1071104K
  class space    used 3208K, capacity 3420K, committed 3456K, reserved 1048576K
}
Event: 1.249 GC heap after
{Heap after GC invocations=4 (full 0):
 garbage-first heap   total 251904K, used 18531K [0x0000000080000000, 0x0000000100000000)
  region size 1024K, 2 young (2048K), 2 survivors (2048K)
 Metaspace       used 24909K, capacity 25564K, committed 25648K, reserved 1071104K
  class space    used 3208K, capacity 3420K, committed 3456K, reserved 1048576K
}
Event: 1.702 GC heap before
{Heap before GC invocations=4 (full 0):
 garbage-first heap   total 251904K, used 85091K [0x0000000080000000, 0x0000000100000000)
  region size 1024K, 68 young (69632K), 2 survivors (2048K)
 Metaspace       used 34864K, capacity 35662K, committed 35708K, reserved 1081344K
  class space    used 4531K, capacity 4832K, committed 4864K, reserved 1048576K
}
Event: 1.706 GC heap after
{Heap after GC invocations=5 (full 0):
 garbage-first heap   total 251904K, used 22048K [0x0000000080000000, 0x0000000100000000)
  region size 1024K, 6 young (6144K), 6 survivors (6144K)
 Metaspace       used 34864K, capacity 35662K, committed 35708K, reserved 1081344K
  class space    used 4531K, capacity 4832K, committed 4864K, reserved 1048576K
}
Event: 2.223 GC heap before
{Heap before GC invocations=6 (full 0):
 garbage-first heap   total 251904K, used 121376K [0x0000000080000000, 0x0000000100000000)
  region size 1024K, 100 young (102400K), 6 survivors (6144K)
 Metaspace       used 43104K, capacity 44108K, committed 44412K, reserved 1087488K
  class space    used 5479K, capacity 5823K, committed 5888K, reserved 1048576K
}
Event: 2.227 GC heap after
{Heap after GC invocations=7 (full 0):
 garbage-first heap   total 251904K, used 28254K [0x0000000080000000, 0x0000000100000000)
  region size 1024K, 12 young (12288K), 12 survivors (12288K)
 Metaspace       used 43104K, capacity 44108K, committed 44412K, reserved 1087488K
  class space    used 5479K, capacity 5823K, committed 5888K, reserved 1048576K
}
Event: 2.823 GC heap before
{Heap before GC invocations=7 (full 0):
 garbage-first heap   total 251904K, used 147038K [0x0000000080000000, 0x0000000100000000)
  region size 1024K, 121 young (123904K), 12 survivors (12288K)
 Metaspace       used 50481K, capacity 51864K, committed 52092K, reserved 1095680K
  class space    used 6403K, capacity 6892K, committed 6912K, reserved 1048576K
}
Event: 2.831 GC heap after
{Heap after GC invocations=8 (full 0):
 garbage-first heap   total 251904K, used 46657K [0x0000000080000000, 0x0000000100000000)
  region size 1024K, 16 young (16384K), 16 survivors (16384K)
 Metaspace       used 50481K, capacity 51864K, committed 52092K, reserved 1095680K
  class space    used 6403K, capacity 6892K, committed 6912K, reserved 1048576K
}
Event: 3.183 GC heap before
{Heap before GC invocations=8 (full 0):
 garbage-first heap   total 251904K, used 99905K [0x0000000080000000, 0x0000000100000000)
  region size 1024K, 69 young (70656K), 16 survivors (16384K)
 Metaspace       used 58341K, capacity 59801K, committed 59940K, reserved 1101824K
  class space    used 7337K, capacity 7890K, committed 7936K, reserved 1048576K
}
Event: 3.196 GC heap after
{Heap after GC invocations=9 (full 0):
 garbage-first heap   total 251904K, used 50324K [0x0000000080000000, 0x0000000100000000)
  region size 1024K, 4 young (4096K), 4 survivors (4096K)
 Metaspace       used 58341K, capacity 59801K, committed 59940K, reserved 1101824K
  class space    used 7337K, capacity 7890K, committed 7936K, reserved 1048576K
}
Event: 3.745 GC heap before
{Heap before GC invocations=10 (full 0):
 garbage-first heap   total 251904K, used 147604K [0x0000000080000000, 0x0000000100000000)
  region size 1024K, 99 young (101376K), 4 survivors (4096K)
 Metaspace       used 67308K, capacity 68864K, committed 69028K, reserved 1110016K
  class space    used 8456K, capacity 9016K, committed 9088K, reserved 1048576K
}
Event: 3.753 GC heap after
{Heap after GC invocations=11 (full 0):
 garbage-first heap   total 251904K, used 56946K [0x0000000080000000, 0x0000000100000000)
  region size 1024K, 10 young (10240K), 10 survivors (10240K)
 Metaspace       used 67308K, capacity 68864K, committed 69028K, reserved 1110016K
  class space    used 8456K, capacity 9016K, committed 9088K, reserved 1048576K
}
Event: 4.304 GC heap before
{Heap before GC invocations=12 (full 0):
 garbage-first heap   total 251904K, used 157298K [0x0000000080000000, 0x0000000100000000)
  region size 1024K, 108 young (110592K), 10 survivors (10240K)
 Metaspace       used 73872K, capacity 75546K, committed 75684K, reserved 1116160K
  class space    used 9433K, capacity 10084K, committed 10112K, reserved 1048576K
}
Event: 4.311 GC heap after
{Heap after GC invocations=13 (full 0):
 garbage-first heap   total 251904K, used 64196K [0x0000000080000000, 0x0000000100000000)
  region size 1024K, 8 young (8192K), 8 survivors (8192K)
 Metaspace       used 73872K, capacity 75546K, committed 75684K, reserved 1116160K
  class space    used 9433K, capacity 10084K, committed 10112K, reserved 1048576K
}
Event: 4.954 GC heap before
{Heap before GC invocations=13 (full 0):
 garbage-first heap   total 251904K, used 165572K [0x0000000080000000, 0x0000000100000000)
  region size 1024K, 108 young (110592K), 8 survivors (8192K)
 Metaspace       used 82365K, capacity 84170K, committed 84388K, reserved 1122304K
  class space    used 10574K, capacity 11266K, committed 11392K, reserved 1048576K
}
Event: 4.960 GC heap after
{Heap after GC invocations=14 (full 0):
 garbage-first heap   total 251904K, used 71098K [0x0000000080000000, 0x0000000100000000)
  region size 1024K, 14 young (14336K), 14 survivors (14336K)
 Metaspace       used 82365K, capacity 84170K, committed 84388K, reserved 1122304K
  class space    used 10574K, capacity 11266K, committed 11392K, reserved 1048576K
}
Event: 5.395 GC heap before
{Heap before GC invocations=14 (full 0):
 garbage-first heap   total 251904K, used 174522K [0x0000000080000000, 0x0000000100000000)
  region size 1024K, 116 young (118784K), 14 survivors (14336K)
 Metaspace       used 86883K, capacity 89301K, committed 89508K, reserved 1126400K
  class space    used 11227K, capacity 12117K, committed 12160K, reserved 1048576K
}
Event: 5.406 GC heap after
{Heap after GC invocations=15 (full 0):
 garbage-first heap   total 251904K, used 79047K [0x0000000080000000, 0x0000000100000000)
  region size 1024K, 15 young (15360K), 15 survivors (15360K)
 Metaspace       used 86883K, capacity 89301K, committed 89508K, reserved 1126400K
  class space    used 11227K, capacity 12117K, committed 12160K, reserved 1048576K
}
Event: 5.878 GC heap before
{Heap before GC invocations=15 (full 0):
 garbage-first heap   total 251904K, used 180423K [0x0000000080000000, 0x0000000100000000)
  region size 1024K, 115 young (117760K), 15 survivors (15360K)
 Metaspace       used 92342K, capacity 94905K, committed 95140K, reserved 1132544K
  class space    used 11894K, capacity 12878K, committed 12928K, reserved 1048576K
}

