# JRE version: OpenJDK Runtime Environment (11.0.10) (build 11.0.10+0-b96-7249189)
# Java VM: OpenJDK 64-Bit Server VM (11.0.10+0-b96-7249189, mixed mode, tiered, compressed oops, g1 gc, windows-amd64)
Heap:
 garbage-first heap   total 251904K, used 207381K [0x0000000080000000, 0x0000000100000000)
  region size 1024K, 102 young (104448K), 15 survivors (15360K)
 Metaspace       used 97258K, capacity 99938K, committed 100132K, reserved 1136640K
  class space    used 12728K, capacity 13749K, committed 13824K, reserved 1048576K
GC Heap History (20 events):
Event: 1.303 GC heap before
{Heap before GC invocations=3 (full 0):
 garbage-first heap   total 251904K, used 68969K [0x0000000080000000, 0x0000000100000000)
  region size 1024K, 62 young (63488K), 11 survivors (11264K)
 Metaspace       used 25899K, capacity 26548K, committed 26672K, reserved 1073152K
  class space    used 3371K, capacity 3600K, committed 3712K, reserved 1048576K
}
Event: 1.307 GC heap after
{Heap after GC invocations=4 (full 0):
 garbage-first heap   total 251904K, used 18972K [0x0000000080000000, 0x0000000100000000)
  region size 1024K, 3 young (3072K), 3 survivors (3072K)
 Metaspace       used 25899K, capacity 26548K, committed 26672K, reserved 1073152K
  class space    used 3371K, capacity 3600K, committed 3712K, reserved 1048576K
}
Event: 1.701 GC heap before
{Heap before GC invocations=4 (full 0):
 garbage-first heap   total 251904K, used 77340K [0x0000000080000000, 0x0000000100000000)
  region size 1024K, 61 young (62464K), 3 survivors (3072K)
 Metaspace       used 34863K, capacity 35662K, committed 35708K, reserved 1081344K
  class space    used 4528K, capacity 4832K, committed 4864K, reserved 1048576K
}
Event: 1.705 GC heap after
{Heap after GC invocations=5 (full 0):
 garbage-first heap   total 251904K, used 22223K [0x0000000080000000, 0x0000000100000000)
  region size 1024K, 6 young (6144K), 6 survivors (6144K)
 Metaspace       used 34863K, capacity 35662K, committed 35708K, reserved 1081344K
  class space    used 4528K, capacity 4832K, committed 4864K, reserved 1048576K
}
Event: 2.358 GC heap before
{Heap before GC invocations=6 (full 0):
 garbage-first heap   total 251904K, used 150223K [0x0000000080000000, 0x0000000100000000)
  region size 1024K, 128 young (131072K), 6 survivors (6144K)
 Metaspace       used 45158K, capacity 46216K, committed 46332K, reserved 1089536K
  class space    used 5785K, capacity 6188K, committed 6272K, reserved 1048576K
}
Event: 2.363 GC heap after
{Heap after GC invocations=7 (full 0):
 garbage-first heap   total 251904K, used 29475K [0x0000000080000000, 0x0000000100000000)
  region size 1024K, 13 young (13312K), 13 survivors (13312K)
 Metaspace       used 45158K, capacity 46216K, committed 46332K, reserved 1089536K
  class space    used 5785K, capacity 6188K, committed 6272K, reserved 1048576K
}
Event: 3.189 GC heap before
{Heap before GC invocations=7 (full 0):
 garbage-first heap   total 251904K, used 174883K [0x0000000080000000, 0x0000000100000000)
  region size 1024K, 147 young (150528K), 13 survivors (13312K)
 Metaspace       used 58201K, capacity 59691K, committed 59940K, reserved 1101824K
  class space    used 7316K, capacity 7853K, committed 7936K, reserved 1048576K
}
Event: 3.199 GC heap after
{Heap after GC invocations=8 (full 0):
 garbage-first heap   total 251904K, used 49528K [0x0000000080000000, 0x0000000100000000)
  region size 1024K, 19 young (19456K), 19 survivors (19456K)
 Metaspace       used 58201K, capacity 59691K, committed 59940K, reserved 1101824K
  class space    used 7316K, capacity 7853K, committed 7936K, reserved 1048576K
}
Event: 3.202 GC heap before
{Heap before GC invocations=8 (full 0):
 garbage-first heap   total 251904K, used 49528K [0x0000000080000000, 0x0000000100000000)
  region size 1024K, 20 young (20480K), 19 survivors (19456K)
 Metaspace       used 58321K, capacity 59787K, committed 59940K, reserved 1101824K
  class space    used 7332K, capacity 7885K, committed 7936K, reserved 1048576K
}
Event: 3.214 GC heap after
{Heap after GC invocations=9 (full 0):
 garbage-first heap   total 251904K, used 50827K [0x0000000080000000, 0x0000000100000000)
  region size 1024K, 2 young (2048K), 2 survivors (2048K)
 Metaspace       used 58321K, capacity 59787K, committed 59940K, reserved 1101824K
  class space    used 7332K, capacity 7885K, committed 7936K, reserved 1048576K
}
Event: 3.830 GC heap before
{Heap before GC invocations=10 (full 0):
 garbage-first heap   total 251904K, used 164491K [0x0000000080000000, 0x0000000100000000)
  region size 1024K, 113 young (115712K), 2 survivors (2048K)
 Metaspace       used 67575K, capacity 69156K, committed 69284K, reserved 1110016K
  class space    used 8474K, capacity 9049K, committed 9088K, reserved 1048576K
}
Event: 3.835 GC heap after
{Heap after GC invocations=11 (full 0):
 garbage-first heap   total 251904K, used 58424K [0x0000000080000000, 0x0000000100000000)
  region size 1024K, 10 young (10240K), 10 survivors (10240K)
 Metaspace       used 67575K, capacity 69156K, committed 69284K, reserved 1110016K
  class space    used 8474K, capacity 9049K, committed 9088K, reserved 1048576K
}
Event: 4.444 GC heap before
{Heap before GC invocations=12 (full 0):
 garbage-first heap   total 251904K, used 172088K [0x0000000080000000, 0x0000000100000000)
  region size 1024K, 121 young (123904K), 10 survivors (10240K)
 Metaspace       used 75768K, capacity 77537K, committed 77732K, reserved 1116160K
  class space    used 9715K, capacity 10362K, committed 10368K, reserved 1048576K
}
Event: 4.450 GC heap after
{Heap after GC invocations=13 (full 0):
 garbage-first heap   total 251904K, used 65760K [0x0000000080000000, 0x0000000100000000)
  region size 1024K, 8 young (8192K), 8 survivors (8192K)
 Metaspace       used 75768K, capacity 77537K, committed 77732K, reserved 1116160K
  class space    used 9715K, capacity 10362K, committed 10368K, reserved 1048576K
}
Event: 5.201 GC heap before
{Heap before GC invocations=13 (full 0):
 garbage-first heap   total 251904K, used 179424K [0x0000000080000000, 0x0000000100000000)
  region size 1024K, 120 young (122880K), 8 survivors (8192K)
 Metaspace       used 85852K, capacity 88172K, committed 88356K, reserved 1126400K
  class space    used 11101K, capacity 11946K, committed 12032K, reserved 1048576K
}
Event: 5.210 GC heap after
{Heap after GC invocations=14 (full 0):
 garbage-first heap   total 251904K, used 75211K [0x0000000080000000, 0x0000000100000000)
  region size 1024K, 15 young (15360K), 15 survivors (15360K)
 Metaspace       used 85852K, capacity 88172K, committed 88356K, reserved 1126400K
  class space    used 11101K, capacity 11946K, committed 12032K, reserved 1048576K
}
Event: 5.554 GC heap before
{Heap before GC invocations=14 (full 0):
 garbage-first heap   total 251904K, used 184779K [0x0000000080000000, 0x0000000100000000)
  region size 1024K, 123 young (125952K), 15 survivors (15360K)
 Metaspace       used 87898K, capacity 90317K, committed 90404K, reserved 1128448K
  class space    used 11314K, capacity 12225K, committed 12288K, reserved 1048576K
}
Event: 5.565 GC heap after
{Heap after GC invocations=15 (full 0):
 garbage-first heap   total 251904K, used 83300K [0x0000000080000000, 0x0000000100000000)
  region size 1024K, 8 young (8192K), 8 survivors (8192K)
 Metaspace       used 87898K, capacity 90317K, committed 90404K, reserved 1128448K
  class space    used 11314K, capacity 12225K, committed 12288K, reserved 1048576K
}
Event: 5.792 GC heap before
{Heap before GC invocations=15 (full 0):
 garbage-first heap   total 251904K, used 199012K [0x0000000080000000, 0x0000000100000000)
  region size 1024K, 113 young (115712K), 8 survivors (8192K)
 Metaspace       used 93072K, capacity 95512K, committed 95652K, reserved 1132544K
  class space    used 12005K, capacity 12919K, committed 12928K, reserved 1048576K
}
Event: 5.797 GC heap after
{Heap after GC invocations=16 (full 0):
 garbage-first heap   total 251904K, used 99861K [0x0000000080000000, 0x0000000100000000)
  region size 1024K, 15 young (15360K), 15 survivors (15360K)
 Metaspace       used 93072K, capacity 95512K, committed 95652K, reserved 1132544K
  class space    used 12005K, capacity 12919K, committed 12928K, reserved 1048576K
}

